0 info it worked if it ends with ok
1 verbose cli [ '/usr/local/Cellar/node/4.1.1/bin/node',
1 verbose cli   '/usr/local/bin/npm',
1 verbose cli   'run',
1 verbose cli   'serve',
1 verbose cli   '@',
1 verbose cli   'http://127.0.0.1:4000/' ]
2 info using npm@2.14.4
3 info using node@v4.1.1
4 verbose run-script [ 'preserve', 'serve', 'postserve' ]
5 info preserve indigo@1.0.0
6 info serve indigo@1.0.0
7 verbose unsafe-perm in lifecycle true
8 info indigo@1.0.0 Failed to exec serve script
9 verbose stack Error: indigo@1.0.0 serve: `bundle exec jekyll serve "@" "http://127.0.0.1:4000/"`
9 verbose stack Exit status 7
9 verbose stack     at EventEmitter.<anonymous> (/usr/local/lib/node_modules/npm/lib/utils/lifecycle.js:214:16)
9 verbose stack     at emitTwo (events.js:87:13)
9 verbose stack     at EventEmitter.emit (events.js:172:7)
9 verbose stack     at ChildProcess.<anonymous> (/usr/local/lib/node_modules/npm/lib/utils/spawn.js:24:14)
9 verbose stack     at emitTwo (events.js:87:13)
9 verbose stack     at ChildProcess.emit (events.js:172:7)
9 verbose stack     at maybeClose (internal/child_process.js:817:16)
9 verbose stack     at Process.ChildProcess._handle.onexit (internal/child_process.js:211:5)
10 verbose pkgid indigo@1.0.0
11 verbose cwd /Users/Ani/Documents/Github/aniellodesanto.github.io
12 error Darwin 18.2.0
13 error argv "/usr/local/Cellar/node/4.1.1/bin/node" "/usr/local/bin/npm" "run" "serve" "@" "http://127.0.0.1:4000/"
14 error node v4.1.1
15 error npm  v2.14.4
16 error code ELIFECYCLE
17 error indigo@1.0.0 serve: `bundle exec jekyll serve "@" "http://127.0.0.1:4000/"`
17 error Exit status 7
18 error Failed at the indigo@1.0.0 serve script 'bundle exec jekyll serve "@" "http://127.0.0.1:4000/"'.
18 error This is most likely a problem with the indigo package,
18 error not with npm itself.
18 error Tell the author that this fails on your system:
18 error     bundle exec jekyll serve "@" "http://127.0.0.1:4000/"
18 error You can get their info via:
18 error     npm owner ls indigo
18 error There is likely additional logging output above.
19 verbose exit [ 1, true ]
